#
# There is insufficient memory for the Java Runtime Environment to continue.
# Native memory allocation (malloc) failed to allocate 131088 bytes for Chunk::new
# Possible reasons:
#   The system is out of physical RAM or swap space
#   The process is running with CompressedOops enabled, and the Java Heap may be blocking the growth of the native heap
# Possible solutions:
#   Reduce memory load on the system
#   Increase physical memory or swap space
#   Check if swap backing store is full
#   Decrease Java heap size (-Xmx/-Xms)
#   Decrease number of Java threads
#   Decrease Java thread stack sizes (-Xss)
#   Set larger code cache with -XX:ReservedCodeCacheSize=
#   JVM is running with Unscaled Compressed Oops mode in which the Java heap is
#     placed in the first 4GB address space. The Java Heap base address is the
#     maximum limit for the native heap growth. Please use -XX:HeapBaseMinAddress
#     to set the Java Heap base and to place the Java Heap above 4GB virtual address.
# This output file may be truncated or incomplete.
#
#  Out of Memory Error (t:/workspace/open/src/hotspot/share/memory/arena.cpp:197), pid=8008, tid=7412
#
# JRE version: Java(TM) SE Runtime Environment (12.0.2+10) (build 12.0.2+10)
# Java VM: Java HotSpot(TM) 64-Bit Server VM (12.0.2+10, mixed mode, sharing, tiered, compressed oops, g1 gc, windows-amd64)
# No core dump will be written. Minidumps are not enabled by default on client versions of Windows
#

---------------  S U M M A R Y ------------

Command Line: -Dfile.encoding=UTF-8 com.buts.AttendanceSystem.LoginGUI

Host: Pentium(R) Dual-Core  CPU      E5700  @ 3.00GHz, 2 cores, 3G,  Windows 7 , 64 bit Build 7601 (6.1.7601.17514)
Time: Fri Jan 10 22:37:43 2020 Malay Peninsula Standard Time elapsed time: 1 seconds (0d 0h 0m 1s)

---------------  T H R E A D  ---------------

Current thread (0x000000001e62b800):  JavaThread "C2 CompilerThread0" daemon [_thread_in_native, id=7412, stack(0x000000001f8c0000,0x000000001f9c0000)]


Current CompileTask:
C2:   1132  693       4       jdk.internal.org.objectweb.asm.Frame::execute (2305 bytes)

Stack: [0x000000001f8c0000,0x000000001f9c0000]
Native frames: (J=compiled Java code, j=interpreted, Vv=VM code, C=native code)
V  [jvm.dll+0x63aa2a]
V  [jvm.dll+0x78ce1e]
V  [jvm.dll+0x78e4c1]
V  [jvm.dll+0x78eb13]
V  [jvm.dll+0x2627e8]
V  [jvm.dll+0xc55cc]
V  [jvm.dll+0xc5b4c]
V  [jvm.dll+0xc56b0]
V  [jvm.dll+0x61b7bf]
V  [jvm.dll+0x22333b]
V  [jvm.dll+0x66880a]
V  [jvm.dll+0x21b237]
V  [jvm.dll+0x199a20]
V  [jvm.dll+0x22a744]
V  [jvm.dll+0x228d98]
V  [jvm.dll+0x7512a0]
V  [jvm.dll+0x74a2c8]
V  [jvm.dll+0x639b16]
C  [ucrtbase.DLL+0x1d885]
C  [kernel32.dll+0x1652d]
C  [ntdll.dll+0x2c521]


---------------  P R O C E S S  ---------------

Threads class SMR info:
_java_thread_list=0x000000001ff918e0, length=14, elements={
0x000000001e615800, 0x000000001e61f000, 0x000000001e624000, 0x000000001e627800,
0x000000001e62b800, 0x000000001eeb2800, 0x000000001eec7800, 0x000000001f02b000,
0x000000001fc99800, 0x000000001ff92000, 0x000000001ff93000, 0x000000001ffb7800,
0x000000001ffd9800, 0x00000000003a0800
}

Java Threads: ( => current thread )
  0x000000001e615800 JavaThread "Reference Handler" daemon [_thread_blocked, id=7468, stack(0x000000001f2e0000,0x000000001f3e0000)]
  0x000000001e61f000 JavaThread "Finalizer" daemon [_thread_blocked, id=416, stack(0x000000001f4f0000,0x000000001f5f0000)]
  0x000000001e624000 JavaThread "Signal Dispatcher" daemon [_thread_blocked, id=7996, stack(0x000000001f7c0000,0x000000001f8c0000)]
  0x000000001e627800 JavaThread "Attach Listener" daemon [_thread_blocked, id=8036, stack(0x000000001f670000,0x000000001f770000)]
=>0x000000001e62b800 JavaThread "C2 CompilerThread0" daemon [_thread_in_native, id=7412, stack(0x000000001f8c0000,0x000000001f9c0000)]
  0x000000001eeb2800 JavaThread "C1 CompilerThread0" daemon [_thread_in_native, id=5148, stack(0x000000001fb80000,0x000000001fc80000)]
  0x000000001eec7800 JavaThread "Sweeper thread" daemon [_thread_blocked, id=4348, stack(0x000000001f3e0000,0x000000001f4e0000)]
  0x000000001f02b000 JavaThread "Service Thread" daemon [_thread_blocked, id=6016, stack(0x000000001fa00000,0x000000001fb00000)]
  0x000000001fc99800 JavaThread "Common-Cleaner" daemon [_thread_blocked, id=8112, stack(0x0000000020340000,0x0000000020440000)]
  0x000000001ff92000 JavaThread "Java2D Disposer" daemon [_thread_blocked, id=6968, stack(0x0000000020450000,0x0000000020550000)]
  0x000000001ff93000 JavaThread "AWT-Shutdown" [_thread_blocked, id=5032, stack(0x0000000020690000,0x0000000020790000)]
  0x000000001ffb7800 JavaThread "AWT-Windows" daemon [_thread_in_native, id=4816, stack(0x00000000208c0000,0x00000000209c0000)]
  0x000000001ffd9800 JavaThread "AWT-EventQueue-0" [_thread_in_vm, id=5732, stack(0x0000000020a30000,0x0000000020b30000)]
  0x00000000003a0800 JavaThread "DestroyJavaVM" [_thread_blocked, id=2844, stack(0x00000000020d0000,0x00000000021d0000)]

Other Threads:
  0x000000001e612000 VMThread "VM Thread" [stack: 0x000000001f150000,0x000000001f250000] [id=7656]
  0x000000001f02e800 WatcherThread [stack: 0x0000000020220000,0x0000000020320000] [id=7636]
  0x00000000003c9800 GCTaskThread "GC Thread#0" [stack: 0x000000001bdb0000,0x000000001beb0000] [id=6636]
  0x0000000020bc3800 GCTaskThread "GC Thread#1" [stack: 0x00000000227e0000,0x00000000228e0000] [id=432]
  0x00000000003d0000 ConcurrentGCThread "G1 Main Marker" [stack: 0x000000001bf30000,0x000000001c030000] [id=8072]
  0x00000000003d4800 ConcurrentGCThread "G1 Conc#0" [stack: 0x000000001c0b0000,0x000000001c1b0000] [id=6516]
  0x0000000000423800 ConcurrentGCThread "G1 Refine#0" [stack: 0x000000001e430000,0x000000001e530000] [id=7276]
  0x000000001fd9a800 ConcurrentGCThread "G1 Refine#1" [stack: 0x0000000022950000,0x0000000022a50000] [id=7388]
  0x0000000000424800 ConcurrentGCThread "G1 Young RemSet Sampling" [stack: 0x000000001e2d0000,0x000000001e3d0000] [id=7592]

Threads with active compile tasks:
C2 CompilerThread0   693       4       jdk.internal.org.objectweb.asm.Frame::execute (2305 bytes)
C1 CompilerThread0   715       3       java.nio.Buffer::<init> (99 bytes)

VM state:not at safepoint (normal execution)

VM Mutex/Monitor currently owned by a thread: None

Heap address: 0x00000000cd000000, size: 816 MB, Compressed Oops mode: 32-bit
Narrow klass base: 0x0000000800000000, Narrow klass shift: 3
Compressed class space size: 1073741824 Address: 0x0000000801190000

Heap:
 garbage-first heap   total 53248K, used 4096K [0x00000000cd000000, 0x0000000100000000)
  region size 1024K, 2 young (2048K), 1 survivors (1024K)
 Metaspace       used 7366K, capacity 7646K, committed 7680K, reserved 1056768K
  class space    used 867K, capacity 1004K, committed 1024K, reserved 1048576K
Heap Regions: E=young(eden), S=young(survivor), O=old, HS=humongous(starts), HC=humongous(continues), CS=collection set, F=free, A=archive, TAMS=top-at-mark-start (previous, next)
|   0|0x00000000cd000000, 0x00000000cd100000, 0x00000000cd100000|100%|HS|  |TAMS 0x00000000cd000000, 0x00000000cd000000| Complete 
|   1|0x00000000cd100000, 0x00000000cd200000, 0x00000000cd200000|100%| O|  |TAMS 0x00000000cd100000, 0x00000000cd100000| Untracked 
|   2|0x00000000cd200000, 0x00000000cd300000, 0x00000000cd300000|100%| O|  |TAMS 0x00000000cd200000, 0x00000000cd200000| Untracked 
|   3|0x00000000cd300000, 0x00000000cd300000, 0x00000000cd400000|  0%| F|  |TAMS 0x00000000cd300000, 0x00000000cd300000| Untracked 
|   4|0x00000000cd400000, 0x00000000cd400000, 0x00000000cd500000|  0%| F|  |TAMS 0x00000000cd400000, 0x00000000cd400000| Untracked 
|   5|0x00000000cd500000, 0x00000000cd500000, 0x00000000cd600000|  0%| F|  |TAMS 0x00000000cd500000, 0x00000000cd500000| Untracked 
|   6|0x00000000cd600000, 0x00000000cd600000, 0x00000000cd700000|  0%| F|  |TAMS 0x00000000cd600000, 0x00000000cd600000| Untracked 
|   7|0x00000000cd700000, 0x00000000cd700000, 0x00000000cd800000|  0%| F|  |TAMS 0x00000000cd700000, 0x00000000cd700000| Untracked 
|   8|0x00000000cd800000, 0x00000000cd800000, 0x00000000cd900000|  0%| F|  |TAMS 0x00000000cd800000, 0x00000000cd800000| Untracked 
|   9|0x00000000cd900000, 0x00000000cd900000, 0x00000000cda00000|  0%| F|  |TAMS 0x00000000cd900000, 0x00000000cd900000| Untracked 
|  10|0x00000000cda00000, 0x00000000cda00000, 0x00000000cdb00000|  0%| F|  |TAMS 0x00000000cda00000, 0x00000000cda00000| Untracked 
|  11|0x00000000cdb00000, 0x00000000cdb00000, 0x00000000cdc00000|  0%| F|  |TAMS 0x00000000cdb00000, 0x00000000cdb00000| Untracked 
|  12|0x00000000cdc00000, 0x00000000cdc00000, 0x00000000cdd00000|  0%| F|  |TAMS 0x00000000cdc00000, 0x00000000cdc00000| Untracked 
|  13|0x00000000cdd00000, 0x00000000cdd00000, 0x00000000cde00000|  0%| F|  |TAMS 0x00000000cdd00000, 0x00000000cdd00000| Untracked 
|  14|0x00000000cde00000, 0x00000000cde00000, 0x00000000cdf00000|  0%| F|  |TAMS 0x00000000cde00000, 0x00000000cde00000| Untracked 
|  15|0x00000000cdf00000, 0x00000000cdf00000, 0x00000000ce000000|  0%| F|  |TAMS 0x00000000cdf00000, 0x00000000cdf00000| Untracked 
|  16|0x00000000ce000000, 0x00000000ce000000, 0x00000000ce100000|  0%| F|  |TAMS 0x00000000ce000000, 0x00000000ce000000| Untracked 
|  17|0x00000000ce100000, 0x00000000ce100000, 0x00000000ce200000|  0%| F|  |TAMS 0x00000000ce100000, 0x00000000ce100000| Untracked 
|  18|0x00000000ce200000, 0x00000000ce200000, 0x00000000ce300000|  0%| F|  |TAMS 0x00000000ce200000, 0x00000000ce200000| Untracked 
|  19|0x00000000ce300000, 0x00000000ce300000, 0x00000000ce400000|  0%| F|  |TAMS 0x00000000ce300000, 0x00000000ce300000| Untracked 
|  20|0x00000000ce400000, 0x00000000ce400000, 0x00000000ce500000|  0%| F|  |TAMS 0x00000000ce400000, 0x00000000ce400000| Untracked 
|  21|0x00000000ce500000, 0x00000000ce500000, 0x00000000ce600000|  0%| F|  |TAMS 0x00000000ce500000, 0x00000000ce500000| Untracked 
|  22|0x00000000ce600000, 0x00000000ce600000, 0x00000000ce700000|  0%| F|  |TAMS 0x00000000ce600000, 0x00000000ce600000| Untracked 
|  23|0x00000000ce700000, 0x00000000ce700000, 0x00000000ce800000|  0%| F|  |TAMS 0x00000000ce700000, 0x00000000ce700000| Untracked 
|  24|0x00000000ce800000, 0x00000000ce800000, 0x00000000ce900000|  0%| F|  |TAMS 0x00000000ce800000, 0x00000000ce800000| Untracked 
|  25|0x00000000ce900000, 0x00000000ce900000, 0x00000000cea00000|  0%| F|  |TAMS 0x00000000ce900000, 0x00000000ce900000| Untracked 
|  26|0x00000000cea00000, 0x00000000cea00000, 0x00000000ceb00000|  0%| F|  |TAMS 0x00000000cea00000, 0x00000000cea00000| Untracked 
|  27|0x00000000ceb00000, 0x00000000ceb00000, 0x00000000cec00000|  0%| F|  |TAMS 0x00000000ceb00000, 0x00000000ceb00000| Untracked 
|  28|0x00000000cec00000, 0x00000000cec00000, 0x00000000ced00000|  0%| F|  |TAMS 0x00000000cec00000, 0x00000000cec00000| Untracked 
|  29|0x00000000ced00000, 0x00000000ced00000, 0x00000000cee00000|  0%| F|  |TAMS 0x00000000ced00000, 0x00000000ced00000| Untracked 
|  30|0x00000000cee00000, 0x00000000cee00000, 0x00000000cef00000|  0%| F|  |TAMS 0x00000000cee00000, 0x00000000cee00000| Untracked 
|  31|0x00000000cef00000, 0x00000000cef00000, 0x00000000cf000000|  0%| F|  |TAMS 0x00000000cef00000, 0x00000000cef00000| Untracked 
|  32|0x00000000cf000000, 0x00000000cf000000, 0x00000000cf100000|  0%| F|  |TAMS 0x00000000cf000000, 0x00000000cf000000| Untracked 
|  33|0x00000000cf100000, 0x00000000cf100000, 0x00000000cf200000|  0%| F|  |TAMS 0x00000000cf100000, 0x00000000cf100000| Untracked 
|  34|0x00000000cf200000, 0x00000000cf200000, 0x00000000cf300000|  0%| F|  |TAMS 0x00000000cf200000, 0x00000000cf200000| Untracked 
|  35|0x00000000cf300000, 0x00000000cf300000, 0x00000000cf400000|  0%| F|  |TAMS 0x00000000cf300000, 0x00000000cf300000| Untracked 
|  36|0x00000000cf400000, 0x00000000cf400000, 0x00000000cf500000|  0%| F|  |TAMS 0x00000000cf400000, 0x00000000cf400000| Untracked 
|  37|0x00000000cf500000, 0x00000000cf500000, 0x00000000cf600000|  0%| F|  |TAMS 0x00000000cf500000, 0x00000000cf500000| Untracked 
|  38|0x00000000cf600000, 0x00000000cf600000, 0x00000000cf700000|  0%| F|  |TAMS 0x00000000cf600000, 0x00000000cf600000| Untracked 
|  39|0x00000000cf700000, 0x00000000cf700000, 0x00000000cf800000|  0%| F|  |TAMS 0x00000000cf700000, 0x00000000cf700000| Untracked 
|  40|0x00000000cf800000, 0x00000000cf800000, 0x00000000cf900000|  0%| F|  |TAMS 0x00000000cf800000, 0x00000000cf800000| Untracked 
|  41|0x00000000cf900000, 0x00000000cf900000, 0x00000000cfa00000|  0%| F|  |TAMS 0x00000000cf900000, 0x00000000cf900000| Untracked 
|  42|0x00000000cfa00000, 0x00000000cfa00000, 0x00000000cfb00000|  0%| F|  |TAMS 0x00000000cfa00000, 0x00000000cfa00000| Untracked 
|  43|0x00000000cfb00000, 0x00000000cfb00000, 0x00000000cfc00000|  0%| F|  |TAMS 0x00000000cfb00000, 0x00000000cfb00000| Untracked 
|  44|0x00000000cfc00000, 0x00000000cfd00000, 0x00000000cfd00000|100%| S|CS|TAMS 0x00000000cfc00000, 0x00000000cfc00000| Complete 
|  45|0x00000000cfd00000, 0x00000000cfd00000, 0x00000000cfe00000|  0%| F|  |TAMS 0x00000000cfd00000, 0x00000000cfd00000| Untracked 
|  46|0x00000000cfe00000, 0x00000000cfe00000, 0x00000000cff00000|  0%| F|  |TAMS 0x00000000cfe00000, 0x00000000cfe00000| Untracked 
|  47|0x00000000cff00000, 0x00000000cff00000, 0x00000000d0000000|  0%| F|  |TAMS 0x00000000cff00000, 0x00000000cff00000| Untracked 
|  48|0x00000000d0000000, 0x00000000d0000000, 0x00000000d0100000|  0%| F|  |TAMS 0x00000000d0000000, 0x00000000d0000000| Untracked 
|  49|0x00000000d0100000, 0x00000000d0100000, 0x00000000d0200000|  0%| F|  |TAMS 0x00000000d0100000, 0x00000000d0100000| Untracked 
|  50|0x00000000d0200000, 0x00000000d0200000, 0x00000000d0300000|  0%| F|  |TAMS 0x00000000d0200000, 0x00000000d0200000| Untracked 
|  51|0x00000000d0300000, 0x00000000d03b29a8, 0x00000000d0400000| 69%| E|  |TAMS 0x00000000d0300000, 0x00000000d0300000| Complete 

Card table byte_map: [0x0000000019fe0000,0x000000001a180000] _byte_map_base: 0x0000000019978000

Marking Bits (Prev, Next): (CMBitMap*) 0x00000000003ca9e8, (CMBitMap*) 0x00000000003caa28
 Prev Bits: [0x000000001a320000, 0x000000001afe0000)
 Next Bits: [0x000000001afe0000, 0x000000001bca0000)

Polling page: 0x0000000000130000

Metaspace:

Usage:
  Non-class:      6.49 MB capacity,     6.35 MB ( 98%) used,   118.72 KB (  2%) free+waste,    24.19 KB ( <1%) overhead. 
      Class:   1004.00 KB capacity,   867.88 KB ( 86%) used,   120.88 KB ( 12%) free+waste,    15.25 KB (  2%) overhead. 
       Both:      7.47 MB capacity,     7.19 MB ( 96%) used,   239.59 KB (  3%) free+waste,    39.44 KB ( <1%) overhead. 

Virtual space:
  Non-class space:        8.00 MB reserved,       6.50 MB ( 81%) committed 
      Class space:        1.00 GB reserved,       1.00 MB ( <1%) committed 
             Both:        1.01 GB reserved,       7.50 MB ( <1%) committed 

Chunk freelists:
   Non-Class:  1.75 KB
       Class:  2.50 KB
        Both:  4.25 KB

CodeHeap 'non-profiled nmethods': size=120064Kb used=192Kb max_used=192Kb free=119871Kb
 bounds [0x00000000125f0000, 0x0000000012860000, 0x0000000019b30000]
CodeHeap 'profiled nmethods': size=120000Kb used=1189Kb max_used=1189Kb free=118810Kb
 bounds [0x000000000b0c0000, 0x000000000b330000, 0x00000000125f0000]
CodeHeap 'non-nmethods': size=5696Kb used=1201Kb max_used=1203Kb free=4494Kb
 bounds [0x000000000ab30000, 0x000000000ada0000, 0x000000000b0c0000]
 total_blobs=1392 nmethods=712 adapters=471
 compilation: enabled
              stopped_count=0, restarted_count=0
 full_count=0

Compilation events (10 events):
Event: 1.119 Thread 0x000000001eeb2800  701       3       jdk.internal.misc.Unsafe::getShortUnaligned (12 bytes)
Event: 1.120 Thread 0x000000001eeb2800 nmethod 701 0x000000000b1e5310 code [0x000000000b1e54e0, 0x000000000b1e5798]
Event: 1.120 Thread 0x000000001eeb2800  702       3       jdk.internal.misc.Unsafe::getShortUnaligned (33 bytes)
Event: 1.120 Thread 0x000000001eeb2800 nmethod 702 0x000000000b1e5890 code [0x000000000b1e5a80, 0x000000000b1e5e98]
Event: 1.120 Thread 0x000000001eeb2800  704       3       java.nio.ByteBufferAsShortBufferB::get (26 bytes)
Event: 1.121 Thread 0x000000001eeb2800 nmethod 704 0x000000000b1e6010 code [0x000000000b1e6220, 0x000000000b1e6750]
Event: 1.122 Thread 0x000000001eeb2800  705       3       java.util.concurrent.ConcurrentHashMap$ValueIterator::next (34 bytes)
Event: 1.122 Thread 0x000000001eeb2800 nmethod 705 0x000000000b1e6990 code [0x000000000b1e6b80, 0x000000000b1e6e60]
Event: 1.123 Thread 0x000000001eeb2800  706       3       java.nio.MappedByteBuffer::limit (8 bytes)
Event: 1.123 Thread 0x000000001eeb2800 nmethod 706 0x000000000b1e6f90 code [0x000000000b1e7160, 0x000000000b1e7390]

GC Heap History (2 events):
Event: 1.087 GC heap before
{Heap before GC invocations=0 (full 0):
 garbage-first heap   total 53248K, used 7168K [0x00000000cd000000, 0x0000000100000000)
  region size 1024K, 7 young (7168K), 0 survivors (0K)
 Metaspace       used 6991K, capacity 7279K, committed 7424K, reserved 1056768K
  class space    used 826K, capacity 967K, committed 1024K, reserved 1048576K
}
Event: 1.097 GC heap after
{Heap after GC invocations=1 (full 0):
 garbage-first heap   total 53248K, used 4096K [0x00000000cd000000, 0x0000000100000000)
  region size 1024K, 1 young (1024K), 1 survivors (1024K)
 Metaspace       used 6991K, capacity 7279K, committed 7424K, reserved 1056768K
  class space    used 826K, capacity 967K, committed 1024K, reserved 1048576K
}

Deoptimization events (1 events):
Event: 0.078 Thread 0x00000000003a0800 Uncommon trap: reason=unstable_if action=reinterpret pc=0x00000000125f4350 method=java.lang.String.hashCode()I @ 14 c2

Classes redefined (0 events):
No events

Internal exceptions (10 events):
Event: 0.337 Thread 0x000000001ffb7800 Exception <a 'java/lang/NoSuchMethodError'{0x00000000d0094dc8}: java.lang.invoke.DirectMethodHandle$Holder.invokeSpecial(Ljava/lang/Object;Ljava/lang/Object;)V> (0x00000000d0094dc8) thrown at [t:/workspace/open/src/hotspot/share/interpreter/linkResolver.c
Event: 0.342 Thread 0x00000000003a0800 Exception <a 'java/lang/NoSuchMethodError'{0x00000000d008bea0}: java.lang.invoke.DirectMethodHandle$Holder.invokeStatic(Ljava/lang/Object;Ljava/lang/Object;Ljava/lang/Object;Ljava/lang/Object;Ljava/lang/Object;Ljava/lang/Object;Ljava/lang/Object;J)Ljava/l
Event: 0.604 Thread 0x000000001ffd9800 Exception <a 'java/lang/NoSuchMethodError'{0x00000000cff9bbb0}: java.lang.invoke.DirectMethodHandle$Holder.invokeStatic(Ljava/lang/Object;ILjava/lang/Object;Ljava/lang/Object;Ljava/lang/Object;Ljava/lang/Object;)Ljava/lang/Object;> (0x00000000cff9bbb0) th
Event: 0.605 Thread 0x000000001ffd9800 Exception <a 'java/lang/NoSuchMethodError'{0x00000000cffa27e0}: java.lang.invoke.DirectMethodHandle$Holder.invokeStatic(Ljava/lang/Object;ILjava/lang/Object;Ljava/lang/Object;Ljava/lang/Object;)Ljava/lang/Object;> (0x00000000cffa27e0) thrown at [t:/worksp
Event: 0.606 Thread 0x000000001ffd9800 Exception <a 'java/lang/NoSuchMethodError'{0x00000000cffa6040}: java.lang.invoke.DirectMethodHandle$Holder.invokeSpecial(Ljava/lang/Object;Ljava/lang/Object;ILjava/lang/Object;Ljava/lang/Object;Ljava/lang/Object;)Ljava/lang/Object;> (0x00000000cffa6040) t
Event: 0.612 Thread 0x000000001ffd9800 Exception <a 'java/lang/NoSuchMethodError'{0x00000000cffbc690}: java.lang.invoke.DirectMethodHandle$Holder.invokeStatic(Ljava/lang/Object;ILjava/lang/Object;)Ljava/lang/Object;> (0x00000000cffbc690) thrown at [t:/workspace/open/src/hotspot/share/interpret
Event: 0.658 Thread 0x000000001ffd9800 Exception <a 'java/lang/ClassNotFoundException'{0x00000000cfe60cc0}: com/sun/swing/internal/plaf/metal/resources/spi/metalProvider> (0x00000000cfe60cc0) thrown at [t:/workspace/open/src/hotspot/share/classfile/systemDictionary.cpp, line 235]
Event: 0.659 Thread 0x000000001ffd9800 Exception <a 'java/lang/ClassNotFoundException'{0x00000000cfe65178}: com/sun/swing/internal/plaf/basic/resources/spi/basicProvider> (0x00000000cfe65178) thrown at [t:/workspace/open/src/hotspot/share/classfile/systemDictionary.cpp, line 235]
Event: 0.790 Thread 0x000000001ffd9800 Exception <a 'java/lang/NoSuchMethodError'{0x00000000cfd038f8}: java.lang.invoke.DirectMethodHandle$Holder.invokeStaticInit(Ljava/lang/Object;)V> (0x00000000cfd038f8) thrown at [t:/workspace/open/src/hotspot/share/interpreter/linkResolver.cpp, line 777]
Event: 0.872 Thread 0x000000001ffd9800 Exception <a 'java/lang/NoSuchMethodError'{0x00000000cfd77928}: java.lang.invoke.Invokers$Holder.linkToTargetMethod(Ljava/lang/Object;ILjava/lang/Object;)Ljava/lang/Object;> (0x00000000cfd77928) thrown at [t:/workspace/open/src/hotspot/share/interpreter/l

Events (10 events):
Event: 1.119 loading class sun/nio/cs/UTF_16$Decoder
Event: 1.119 loading class sun/nio/cs/UnicodeDecoder
Event: 1.119 loading class sun/nio/cs/UnicodeDecoder done
Event: 1.119 loading class sun/nio/cs/UTF_16$Decoder done
Event: 1.121 loading class sun/font/FileFontStrike
Event: 1.121 loading class sun/font/FileFontStrike done
Event: 1.122 loading class sun/font/FontScaler
Event: 1.122 loading class sun/font/FontScaler done
Event: 1.122 loading class sun/font/FreetypeFontScaler
Event: 1.122 loading class sun/font/FreetypeFontScaler done


Dynamic libraries:
0x000000013fe80000 - 0x000000013fe8f000 	C:\Program Files\Java\jdk-12.0.2\bin\javaw.exe
0x0000000077820000 - 0x00000000779c9000 	C:\Windows\SYSTEM32\ntdll.dll
0x0000000077700000 - 0x000000007781f000 	C:\Windows\system32\kernel32.dll
0x000007fefd880000 - 0x000007fefd8eb000 	C:\Windows\system32\KERNELBASE.dll
0x000007fef1430000 - 0x000007fef1448000 	C:\Program Files\Java\jdk-12.0.2\bin\jli.dll
0x000007feff130000 - 0x000007feff20b000 	C:\Windows\system32\ADVAPI32.dll
0x000007feff3b0000 - 0x000007feff44f000 	C:\Windows\system32\msvcrt.dll
0x000007feff390000 - 0x000007feff3af000 	C:\Windows\SYSTEM32\sechost.dll
0x000007feff260000 - 0x000007feff38d000 	C:\Windows\system32\RPCRT4.dll
0x000007fefc220000 - 0x000007fefc414000 	C:\Windows\WinSxS\amd64_microsoft.windows.common-controls_6595b64144ccf1df_6.0.7601.17514_none_fa396087175ac9ac\COMCTL32.dll
0x000007fefed80000 - 0x000007fefede7000 	C:\Windows\system32\GDI32.dll
0x0000000077600000 - 0x00000000776fa000 	C:\Windows\system32\USER32.dll
0x000007fefdda0000 - 0x000007fefddae000 	C:\Windows\system32\LPK.dll
0x000007feffa60000 - 0x000007feffb29000 	C:\Windows\system32\USP10.dll
0x000007feff9e0000 - 0x000007feffa51000 	C:\Windows\system32\SHLWAPI.dll
0x000007fefc8b0000 - 0x000007fefc8bc000 	C:\Windows\system32\VERSION.dll
0x000007fef13f0000 - 0x000007fef1406000 	C:\Program Files\Java\jdk-12.0.2\bin\VCRUNTIME140.dll
0x000007fef64f0000 - 0x000007fef64f4000 	C:\Program Files\Java\jdk-12.0.2\bin\api-ms-win-crt-runtime-l1-1-0.dll
0x000007feef700000 - 0x000007feef7f6000 	C:\Program Files\Java\jdk-12.0.2\bin\ucrtbase.DLL
0x000007fefad70000 - 0x000007fefad73000 	C:\Program Files\Java\jdk-12.0.2\bin\api-ms-win-core-localization-l1-2-0.dll
0x000007fef1be0000 - 0x000007fef1be3000 	C:\Program Files\Java\jdk-12.0.2\bin\api-ms-win-core-processthreads-l1-1-1.dll
0x000007fef1b80000 - 0x000007fef1b83000 	C:\Program Files\Java\jdk-12.0.2\bin\api-ms-win-core-file-l1-2-0.dll
0x000007fef1770000 - 0x000007fef1773000 	C:\Program Files\Java\jdk-12.0.2\bin\api-ms-win-core-timezone-l1-1-0.dll
0x000007fef13d0000 - 0x000007fef13d3000 	C:\Program Files\Java\jdk-12.0.2\bin\api-ms-win-core-file-l2-1-0.dll
0x000007fef0f60000 - 0x000007fef0f63000 	C:\Program Files\Java\jdk-12.0.2\bin\api-ms-win-core-synch-l1-2-0.dll
0x000007fef0f40000 - 0x000007fef0f44000 	C:\Program Files\Java\jdk-12.0.2\bin\api-ms-win-crt-string-l1-1-0.dll
0x000007fef0f30000 - 0x000007fef0f33000 	C:\Program Files\Java\jdk-12.0.2\bin\api-ms-win-crt-heap-l1-1-0.dll
0x000007fef0d80000 - 0x000007fef0d84000 	C:\Program Files\Java\jdk-12.0.2\bin\api-ms-win-crt-stdio-l1-1-0.dll
0x000007fef0d70000 - 0x000007fef0d74000 	C:\Program Files\Java\jdk-12.0.2\bin\api-ms-win-crt-convert-l1-1-0.dll
0x000007fef0ba0000 - 0x000007fef0ba3000 	C:\Program Files\Java\jdk-12.0.2\bin\api-ms-win-crt-environment-l1-1-0.dll
0x000007fef0b20000 - 0x000007fef0b23000 	C:\Program Files\Java\jdk-12.0.2\bin\api-ms-win-crt-filesystem-l1-1-0.dll
0x000007fef0b10000 - 0x000007fef0b15000 	C:\Program Files\Java\jdk-12.0.2\bin\api-ms-win-crt-math-l1-1-0.dll
0x000007feefa80000 - 0x000007feefa83000 	C:\Program Files\Java\jdk-12.0.2\bin\api-ms-win-crt-locale-l1-1-0.dll
0x000007feff450000 - 0x000007feff47e000 	C:\Windows\system32\IMM32.DLL
0x000007fefebc0000 - 0x000007fefecc9000 	C:\Windows\system32\MSCTF.dll
0x000007fee15a0000 - 0x000007fee164a000 	C:\Program Files\Java\jdk-12.0.2\bin\msvcp140.dll
0x000007feefa70000 - 0x000007feefa75000 	C:\Program Files\Java\jdk-12.0.2\bin\api-ms-win-crt-multibyte-l1-1-0.dll
0x000007feef9a0000 - 0x000007feef9a3000 	C:\Program Files\Java\jdk-12.0.2\bin\api-ms-win-crt-time-l1-1-0.dll
0x000007feef960000 - 0x000007feef963000 	C:\Program Files\Java\jdk-12.0.2\bin\api-ms-win-crt-utility-l1-1-0.dll
0x000007fedd950000 - 0x000007fede4c7000 	C:\Program Files\Java\jdk-12.0.2\bin\server\jvm.dll
0x000007fef1e80000 - 0x000007fef1e89000 	C:\Windows\system32\WSOCK32.dll
0x000007feff210000 - 0x000007feff25d000 	C:\Windows\system32\WS2_32.dll
0x000007fefed70000 - 0x000007fefed78000 	C:\Windows\system32\NSI.dll
0x000007fefb0b0000 - 0x000007fefb0eb000 	C:\Windows\system32\WINMM.dll
0x00000000779e0000 - 0x00000000779e7000 	C:\Windows\system32\PSAPI.DLL
0x000007feef930000 - 0x000007feef941000 	C:\Program Files\Java\jdk-12.0.2\bin\verify.dll
0x000007fef7900000 - 0x000007fef7a25000 	C:\Windows\system32\DBGHELP.DLL
0x000007feef8c0000 - 0x000007feef8e6000 	C:\Program Files\Java\jdk-12.0.2\bin\java.dll
0x000007fee2b30000 - 0x000007fee2b47000 	C:\Program Files\Java\jdk-12.0.2\bin\zip.dll
0x000007feef920000 - 0x000007feef92a000 	C:\Program Files\Java\jdk-12.0.2\bin\jimage.dll
0x000007fefde30000 - 0x000007fefebb8000 	C:\Windows\system32\SHELL32.dll
0x000007fefedf0000 - 0x000007fefeff3000 	C:\Windows\system32\ole32.dll
0x000007fefd770000 - 0x000007fefd77f000 	C:\Windows\system32\profapi.dll
0x000007feef340000 - 0x000007feef359000 	C:\Program Files\Java\jdk-12.0.2\bin\net.dll
0x000007fef83f0000 - 0x000007fef8461000 	C:\Windows\system32\WINHTTP.dll
0x000007fef8380000 - 0x000007fef83e4000 	C:\Windows\system32\webio.dll
0x000007feff6e0000 - 0x000007feff858000 	C:\Windows\system32\urlmon.dll
0x000007feff000000 - 0x000007feff12a000 	C:\Windows\system32\WININET.dll
0x000007feff480000 - 0x000007feff6d9000 	C:\Windows\system32\iertutil.dll
0x000007feff900000 - 0x000007feff9d7000 	C:\Windows\system32\OLEAUT32.dll
0x000007fefd8f0000 - 0x000007fefda57000 	C:\Windows\system32\CRYPT32.dll
0x000007fefd810000 - 0x000007fefd81f000 	C:\Windows\system32\MSASN1.dll
0x000007fefcfa0000 - 0x000007fefcff5000 	C:\Windows\system32\mswsock.dll
0x000007fefcf90000 - 0x000007fefcf97000 	C:\Windows\System32\wship6.dll
0x000007fee2af0000 - 0x000007fee2b03000 	C:\Program Files\Java\jdk-12.0.2\bin\nio.dll
0x000007fee2130000 - 0x000007fee22cf000 	C:\Program Files\Java\jdk-12.0.2\bin\awt.dll
0x000007fee2660000 - 0x000007fee2742000 	C:\Windows\system32\d2d1.dll
0x000007fefc040000 - 0x000007fefc096000 	C:\Windows\system32\uxtheme.dll
0x000007fefbc10000 - 0x000007fefbc28000 	C:\Windows\system32\dwmapi.dll
0x000007fefd660000 - 0x000007fefd66f000 	C:\Windows\system32\CRYPTBASE.dll
0x000007fee1750000 - 0x000007fee186d000 	C:\Windows\system32\opengl32.dll
0x000007feef970000 - 0x000007feef99d000 	C:\Windows\system32\GLU32.dll
0x000007fee1650000 - 0x000007fee1741000 	C:\Windows\system32\DDRAW.dll
0x000007fef1e50000 - 0x000007fef1e58000 	C:\Windows\system32\DCIMAN32.dll
0x000007fefdb60000 - 0x000007fefdd37000 	C:\Windows\system32\SETUPAPI.dll
0x000007fefd840000 - 0x000007fefd876000 	C:\Windows\system32\CFGMGR32.dll
0x000007fefd820000 - 0x000007fefd83a000 	C:\Windows\system32\DEVOBJ.dll
0x000007fee3cf0000 - 0x000007fee3eef000 	C:\Windows\system32\d3d9.dll
0x000007fee54e0000 - 0x000007fee54e7000 	C:\Windows\system32\d3d8thk.dll
0x000007fee2c10000 - 0x000007fee3cee000 	C:\Windows\system32\nvd3dumx.dll
0x000007fee20b0000 - 0x000007fee2130000 	C:\Program Files\Java\jdk-12.0.2\bin\freetype.dll
0x000007fedefa0000 - 0x000007fedf04b000 	C:\Program Files\Java\jdk-12.0.2\bin\fontmanager.dll
0x000007fefecd0000 - 0x000007fefed69000 	C:\Windows\system32\CLBCatQ.DLL
0x000007fefadb0000 - 0x000007fefaeda000 	C:\Windows\system32\WindowsCodecs.dll
0x000007fefd600000 - 0x000007fefd657000 	C:\Windows\system32\apphelp.dll
0x000007fef48e0000 - 0x000007fef4915000 	C:\Windows\system32\EhStorShell.dll
0x000007fefc0a0000 - 0x000007fefc1cc000 	C:\Windows\system32\PROPSYS.dll
0x000007fef4860000 - 0x000007fef48de000 	C:\Windows\System32\cscui.dll
0x000007fef4850000 - 0x000007fef485c000 	C:\Windows\System32\CSCDLL.dll
0x000007fef6aa0000 - 0x000007fef6aaf000 	C:\Windows\system32\CSCAPI.dll
0x000007fef47d0000 - 0x000007fef4850000 	C:\Windows\system32\ntshrui.dll
0x000007fefd500000 - 0x000007fefd523000 	C:\Windows\system32\srvcli.dll
0x000007fefb910000 - 0x000007fefb91b000 	C:\Windows\system32\slc.dll

dbghelp: loaded successfully - version: 4.0.5 - missing functions: none
symbol engine: initialized successfully - sym options: 0x614 - pdb path: (cannot be retrieved)

VM Arguments:
jvm_args: -Dfile.encoding=UTF-8 
java_command: com.buts.AttendanceSystem.LoginGUI
java_class_path (initial): C:\Users\Buts\eclipse-workspace\AttendanceSystem\target\classes;D:\DOWNLOADS\JARS\slf4j-jdk14-1.7.30.jar;D:\DOWNLOADS\JARS\zxing\core-3.4.0.jar;D:\DOWNLOADS\JARS\zxing\zxing-1.7-javase.jar;D:\DOWNLOADS\JARS\zxing\zxing-core-2.0.jar;C:\Users\Buts\.m2\repository\com\github\sarxos\webcam-capture\0.3.12\webcam-capture-0.3.12.jar;C:\Users\Buts\.m2\repository\com\nativelibs4java\bridj\0.7.0\bridj-0.7.0.jar;C:\Users\Buts\.m2\repository\org\slf4j\slf4j-api\1.7.2\slf4j-api-1.7.2.jar;C:\Users\Buts\.m2\repository\org\apache\poi\poi\4.1.0\poi-4.1.0.jar;C:\Users\Buts\.m2\repository\commons-codec\commons-codec\1.12\commons-codec-1.12.jar;C:\Users\Buts\.m2\repository\org\apache\commons\commons-collections4\4.3\commons-collections4-4.3.jar;C:\Users\Buts\.m2\repository\org\apache\commons\commons-math3\3.6.1\commons-math3-3.6.1.jar;C:\Users\Buts\.m2\repository\org\apache\poi\poi-ooxml\4.1.0\poi-ooxml-4.1.0.jar;C:\Users\Buts\.m2\repository\org\apache\poi\poi-ooxml-schemas\4.1.0\poi-ooxml-schemas-4.1.0.jar;C:\Users\Buts\.m2\repository\org\apache\commons\commons-compress\1.18\commons-compress-1.18.jar;C:\Users\Buts\.m2\repository\com\github\virtuald\curvesapi\1.06\curvesapi-1.06.jar;C:\Users\Buts\.m2\repository\org\apache\xmlbeans\xmlbeans\3.1.0\xmlbeans-3.1.0.jar;C:\Users\Buts\.m2\repository\org\apache\poi\poi-scratchpad\4.1.0\poi-scratchpad-4.1.0.jar
Launcher Type: SUN_STANDARD

[Global flags]
     intx CICompilerCount                          = 2                                         {product} {ergonomic}
     uint ConcGCThreads                            = 1                                         {product} {ergonomic}
     uint G1ConcRefinementThreads                  = 2                                         {product} {ergonomic}
   size_t G1HeapRegionSize                         = 1048576                                   {product} {ergonomic}
    uintx GCDrainStackTargetSize                   = 64                                        {product} {ergonomic}
   size_t InitialHeapSize                          = 54525952                                  {product} {ergonomic}
   size_t MarkStackSize                            = 4194304                                   {product} {ergonomic}
   size_t MaxHeapSize                              = 855638016                                 {product} {ergonomic}
   size_t MaxNewSize                               = 512753664                                 {product} {ergonomic}
   size_t MinHeapDeltaBytes                        = 1048576                                   {product} {ergonomic}
    uintx NonNMethodCodeHeapSize                   = 5825164                                {pd product} {ergonomic}
    uintx NonProfiledCodeHeapSize                  = 122916538                              {pd product} {ergonomic}
    uintx ProfiledCodeHeapSize                     = 122916538                              {pd product} {ergonomic}
    uintx ReservedCodeCacheSize                    = 251658240                              {pd product} {ergonomic}
     bool SegmentedCodeCache                       = true                                      {product} {ergonomic}
     bool UseCompressedClassPointers               = true                                 {lp64_product} {ergonomic}
     bool UseCompressedOops                        = true                                 {lp64_product} {ergonomic}
     bool UseG1GC                                  = true                                      {product} {ergonomic}
     bool UseLargePagesIndividualAllocation        = false                                  {pd product} {ergonomic}

Logging:
Log output configuration:
 #0: stdout all=warning uptime,level,tags
 #1: stderr all=off uptime,level,tags

Environment Variables:
JRE_HOME=C:\Program Files\Java\jdk-12.0.2
PATH=C:/Program Files/Java/jdk-12.0.2/bin/server;C:/Program Files/Java/jdk-12.0.2/bin;C:\Program Files\Java\jdk-12.0.2\bin;C:\Windows\SysWOW64;D:\koys\Progs\eclipse-java-2019-09-R-win32-x86_64\eclipse;
USERNAME=Buts
OS=Windows_NT
PROCESSOR_IDENTIFIER=Intel64 Family 6 Model 23 Stepping 10, GenuineIntel



---------------  S Y S T E M  ---------------

OS: Windows 7 , 64 bit Build 7601 (6.1.7601.17514)

CPU:total 2 (initial active 2) (2 cores per cpu, 1 threads per core) family 6 model 23 stepping 10, cmov, cx8, fxsr, mmx, sse, sse2, sse3, ssse3, tsc

Memory: 4k page, system-wide physical 3263M (412M free)
TotalPageFile size 8155M (AvailPageFile size 4M)
current process WorkingSet (physical memory assigned to process): 62M, peak: 62M
current process commit charge ("private bytes"): 138M, peak: 139M

vm_info: Java HotSpot(TM) 64-Bit Server VM (12.0.2+10) for windows-amd64 JRE (12.0.2+10), built on Jul 16 2019 01:56:17 by "mach5one" with MS VC++ 15.5 (VS2017)

END.
